<!DOCTYPE html PUBLIC "-//W3C//DTD XHTML 1.1//EN" "http://www.w3.org/TR/xhtml11/DTD/xhtml11.dtd">
<html xmlns="http://www.w3.org/1999/xhtml"><head><title>TestNG Report</title><style type="text/css">table {margin-bottom:10px;border-collapse:collapse;empty-cells:show}th,td {border:1px solid #009;padding:.25em .5em}th {vertical-align:bottom}td {vertical-align:top}table a {font-weight:bold}.stripe td {background-color: #E6EBF9}.num {text-align:right}.passedodd td {background-color: #3F3}.passedeven td {background-color: #0A0}.skippedodd td {background-color: #DDD}.skippedeven td {background-color: #CCC}.failedodd td,.attn {background-color: #F33}.failedeven td,.stripe .attn {background-color: #D00}.stacktrace {white-space:pre;font-family:monospace}.totop {font-size:85%;text-align:center;border-bottom:2px solid #000}</style></head><body><table><tr><th>Test</th><th># Passed</th><th># Skipped</th><th># Failed</th><th>Time (ms)</th><th>Included Groups</th><th>Excluded Groups</th></tr><tr><th colspan="7">Spicejet</th></tr><tr><td><a href="#t0">LoginRunner</a></td><td class="num">1</td><td class="num">0</td><td class="num">0</td><td class="num">62,141</td><td></td><td></td></tr><tr class="stripe"><td><a href="#t1">BookTick</a></td><td class="num">0</td><td class="num">0</td><td class="num attn">1</td><td class="num">55,390</td><td></td><td></td></tr><tr><td><a href="#t2">Registration</a></td><td class="num">2</td><td class="num">0</td><td class="num attn">1</td><td class="num">217,706</td><td></td><td></td></tr><tr><th>Total</th><th class="num">3</th><th class="num">0</th><th class="num attn">2</th><th class="num">335,237</th><th colspan="2"></th></tr></table><table><thead><tr><th>Class</th><th>Method</th><th>Start</th><th>Time (ms)</th></tr></thead><tbody><tr><th colspan="4">Spicejet</th></tr></tbody><tbody id="t0"><tr><th colspan="4">LoginRunner &#8212; passed</th></tr><tr class="passedeven"><td rowspan="1">com.cucumber.TestRunner.LoginRunner</td><td><a href="#m0">feature</a></td><td rowspan="1">1574602429436</td><td rowspan="1">59527</td></tr></tbody><tbody id="t1"><tr><th colspan="4">BookTick &#8212; failed</th></tr><tr class="failedeven"><td rowspan="1">com.cucumber.TestRunner.BookTicketRunner</td><td><a href="#m1">feature</a></td><td rowspan="1">1574602490337</td><td rowspan="1">54900</td></tr></tbody><tbody id="t2"><tr><th colspan="4">Registration &#8212; failed</th></tr><tr class="failedeven"><td rowspan="1">com.cucumber.TestRunner.RegistrationRunner</td><td><a href="#m2">feature</a></td><td rowspan="1">1574602545872</td><td rowspan="1">84128</td></tr><tr><th colspan="4">Registration &#8212; passed</th></tr><tr class="passedeven"><td rowspan="2">com.cucumber.TestRunner.RegistrationRunner</td><td><a href="#m3">feature</a></td><td rowspan="2">1574602630001</td><td rowspan="2">77348</td></tr><tr class="passedeven"><td><a href="#m4">feature</a></td></tr></tbody></table><h2>LoginRunner</h2><h3 id="m0">com.cucumber.TestRunner.LoginRunner#feature</h3><table class="result"><tr class="param"><th>Parameter #1</th></tr><tr class="param stripe"><td>Login with Valid Credentials</td></tr><tr><th>Messages</th></tr><tr><td><div class="messages">Completed executing following method : AbstractTestNGCucumberTests.feature<br/>Test Method resides in com.cucumber.TestRunner.LoginRunner<br/>Test Method had the following parameters : nullLogin with Valid Credentials,<br/>Test Status: Pass</div></td></tr></table><p class="totop"><a href="#summary">back to summary</a></p><h2>BookTick</h2><h3 id="m1">com.cucumber.TestRunner.BookTicketRunner#feature</h3><table class="result"><tr class="param"><th>Parameter #1</th></tr><tr class="param stripe"><td>Book your ticket</td></tr><tr><th>Messages</th></tr><tr><td><div class="messages">Completed executing following method : AbstractTestNGCucumberTests.feature<br/>Test Method resides in com.cucumber.TestRunner.BookTicketRunner<br/>Test Method had the following parameters : nullBook your ticket,<br/>Test Status: Failed</div></td></tr><tr><th>Exception</th></tr><tr><td><div class="stacktrace">cucumber.runtime.CucumberException: org.openqa.selenium.ElementNotVisibleException: element not visible
  (Session info: chrome=78.0.3904.108)
  (Driver info: chromedriver=2.40.565498 (ea082db3280dd6843ebfb08a625e3eb905c4f5ab),platform=Windows NT 10.0.15063 x86_64) (WARNING: The server did not provide any stacktrace information)
Command duration or timeout: 0 milliseconds
Build info: version: &apos;3.7.0&apos;, revision: &apos;2321c73&apos;, time: &apos;2017-11-02T22:22:35.584Z&apos;
System info: host: &apos;LP-5CD7465GP0&apos;, ip: &apos;10.0.75.1&apos;, os.name: &apos;Windows 10&apos;, os.arch: &apos;amd64&apos;, os.version: &apos;10.0&apos;, java.version: &apos;1.8.0_171&apos;
Driver info: org.openqa.selenium.chrome.ChromeDriver
Capabilities {acceptInsecureCerts: false, acceptSslCerts: false, applicationCacheEnabled: false, browserConnectionEnabled: false, browserName: chrome, chrome: {chromedriverVersion: 2.40.565498 (ea082db3280dd6..., userDataDir: C:\Users\khaja.h\AppData\Lo...}, cssSelectorsEnabled: true, databaseEnabled: false, handlesAlerts: true, hasTouchScreen: false, javascriptEnabled: true, locationContextEnabled: true, mobileEmulationEnabled: false, nativeEvents: true, networkConnectionEnabled: false, pageLoadStrategy: normal, platform: XP, platformName: XP, rotatable: false, setWindowRect: true, takesHeapSnapshot: true, takesScreenshot: true, unexpectedAlertBehaviour: , unhandledPromptBehavior: , version: 78.0.3904.108, webStorageEnabled: true}
Session ID: 04b69556acdb2e8bbc97d2ec4cd39a44
	at cucumber.api.testng.TestNGCucumberRunner.runCucumber(TestNGCucumberRunner.java:69)
	at cucumber.api.testng.AbstractTestNGCucumberTests.feature(AbstractTestNGCucumberTests.java:21)
Caused by: org.openqa.selenium.ElementNotVisibleException: element not visible
  (Session info: chrome=78.0.3904.108)
  (Driver info: chromedriver=2.40.565498 (ea082db3280dd6843ebfb08a625e3eb905c4f5ab),platform=Windows NT 10.0.15063 x86_64) (WARNING: The server did not provide any stacktrace information)
Command duration or timeout: 0 milliseconds
Build info: version: &apos;3.7.0&apos;, revision: &apos;2321c73&apos;, time: &apos;2017-11-02T22:22:35.584Z&apos;
System info: host: &apos;LP-5CD7465GP0&apos;, ip: &apos;10.0.75.1&apos;, os.name: &apos;Windows 10&apos;, os.arch: &apos;amd64&apos;, os.version: &apos;10.0&apos;, java.version: &apos;1.8.0_171&apos;
Driver info: org.openqa.selenium.chrome.ChromeDriver
Capabilities {acceptInsecureCerts: false, acceptSslCerts: false, applicationCacheEnabled: false, browserConnectionEnabled: false, browserName: chrome, chrome: {chromedriverVersion: 2.40.565498 (ea082db3280dd6..., userDataDir: C:\Users\khaja.h\AppData\Lo...}, cssSelectorsEnabled: true, databaseEnabled: false, handlesAlerts: true, hasTouchScreen: false, javascriptEnabled: true, locationContextEnabled: true, mobileEmulationEnabled: false, nativeEvents: true, networkConnectionEnabled: false, pageLoadStrategy: normal, platform: XP, platformName: XP, rotatable: false, setWindowRect: true, takesHeapSnapshot: true, takesScreenshot: true, unexpectedAlertBehaviour: , unhandledPromptBehavior: , version: 78.0.3904.108, webStorageEnabled: true}
Session ID: 04b69556acdb2e8bbc97d2ec4cd39a44
	at org.openqa.selenium.remote.ErrorHandler.createThrowable(ErrorHandler.java:214)
	at org.openqa.selenium.remote.ErrorHandler.throwIfResponseFailed(ErrorHandler.java:166)
	at org.openqa.selenium.remote.http.JsonHttpResponseCodec.reconstructValue(JsonHttpResponseCodec.java:40)
	at org.openqa.selenium.remote.http.AbstractHttpResponseCodec.decode(AbstractHttpResponseCodec.java:80)
	at org.openqa.selenium.remote.http.AbstractHttpResponseCodec.decode(AbstractHttpResponseCodec.java:44)
	at org.openqa.selenium.remote.HttpCommandExecutor.execute(HttpCommandExecutor.java:164)
	at org.openqa.selenium.remote.service.DriverCommandExecutor.execute(DriverCommandExecutor.java:83)
	at org.openqa.selenium.remote.RemoteWebDriver.execute(RemoteWebDriver.java:600)
	at org.openqa.selenium.remote.RemoteWebElement.execute(RemoteWebElement.java:279)
	at org.openqa.selenium.remote.RemoteWebElement.click(RemoteWebElement.java:83)
	at org.openqa.selenium.support.pagefactory.internal.LocatingElementHandler.invoke(LocatingElementHandler.java:51)
	at com.sun.proxy.$Proxy19.click(Unknown Source)
	at com.cucumber.PageObjects.BookTicketPageObjects.select_to_dropdown_value(BookTicketPageObjects.java:43)
	at com.cucumber.stepdefination.BookTicketSteps.select_to_drop_down_value(BookTicketSteps.java:37)
	at ?.And Select to drop down value(src/test/resources/features/BookTicket.feature:8)
... Removed 36 stack frames</div></td></tr></table><p class="totop"><a href="#summary">back to summary</a></p><h2>Registration</h2><h3 id="m2">com.cucumber.TestRunner.RegistrationRunner#feature</h3><table class="result"><tr class="param"><th>Parameter #1</th></tr><tr class="param stripe"><td>Book your ticket</td></tr><tr><th>Messages</th></tr><tr><td><div class="messages">Completed executing following method : AbstractTestNGCucumberTests.feature<br/>Test Method resides in com.cucumber.TestRunner.RegistrationRunner<br/>Test Method had the following parameters : nullBook your ticket,<br/>Test Status: Failed</div></td></tr><tr><th>Exception</th></tr><tr><td><div class="stacktrace">cucumber.runtime.CucumberException: org.openqa.selenium.WebDriverException: unknown error: Element &lt;a href=&quot;#&quot; class=&quot;&quot; tooltip=&quot;&quot; onclick=&quot;javascript:$CityDropDown.SetSelectedValue(this);return false;&quot; text=&quot;Hyderabad (HYD)&quot; value=&quot;HYD&quot;&gt;...&lt;/a&gt; is not clickable at point (0, 0). Other element would receive the click: &lt;div class=&quot;logo&quot;&gt;...&lt;/div&gt;
  (Session info: chrome=78.0.3904.108)
  (Driver info: chromedriver=2.40.565498 (ea082db3280dd6843ebfb08a625e3eb905c4f5ab),platform=Windows NT 10.0.15063 x86_64) (WARNING: The server did not provide any stacktrace information)
Command duration or timeout: 0 milliseconds
Build info: version: &apos;3.7.0&apos;, revision: &apos;2321c73&apos;, time: &apos;2017-11-02T22:22:35.584Z&apos;
System info: host: &apos;LP-5CD7465GP0&apos;, ip: &apos;10.0.75.1&apos;, os.name: &apos;Windows 10&apos;, os.arch: &apos;amd64&apos;, os.version: &apos;10.0&apos;, java.version: &apos;1.8.0_171&apos;
Driver info: org.openqa.selenium.chrome.ChromeDriver
Capabilities {acceptInsecureCerts: false, acceptSslCerts: false, applicationCacheEnabled: false, browserConnectionEnabled: false, browserName: chrome, chrome: {chromedriverVersion: 2.40.565498 (ea082db3280dd6..., userDataDir: C:\Users\khaja.h\AppData\Lo...}, cssSelectorsEnabled: true, databaseEnabled: false, handlesAlerts: true, hasTouchScreen: false, javascriptEnabled: true, locationContextEnabled: true, mobileEmulationEnabled: false, nativeEvents: true, networkConnectionEnabled: false, pageLoadStrategy: normal, platform: XP, platformName: XP, rotatable: false, setWindowRect: true, takesHeapSnapshot: true, takesScreenshot: true, unexpectedAlertBehaviour: , unhandledPromptBehavior: , version: 78.0.3904.108, webStorageEnabled: true}
Session ID: ef06b43978bdf0e4c596b95aa30e7841
	at cucumber.api.testng.TestNGCucumberRunner.runCucumber(TestNGCucumberRunner.java:69)
	at cucumber.api.testng.AbstractTestNGCucumberTests.feature(AbstractTestNGCucumberTests.java:21)
Caused by: org.openqa.selenium.WebDriverException: unknown error: Element &lt;a href=&quot;#&quot; class=&quot;&quot; tooltip=&quot;&quot; onclick=&quot;javascript:$CityDropDown.SetSelectedValue(this);return false;&quot; text=&quot;Hyderabad (HYD)&quot; value=&quot;HYD&quot;&gt;...&lt;/a&gt; is not clickable at point (0, 0). Other element would receive the click: &lt;div class=&quot;logo&quot;&gt;...&lt;/div&gt;
  (Session info: chrome=78.0.3904.108)
  (Driver info: chromedriver=2.40.565498 (ea082db3280dd6843ebfb08a625e3eb905c4f5ab),platform=Windows NT 10.0.15063 x86_64) (WARNING: The server did not provide any stacktrace information)
Command duration or timeout: 0 milliseconds
Build info: version: &apos;3.7.0&apos;, revision: &apos;2321c73&apos;, time: &apos;2017-11-02T22:22:35.584Z&apos;
System info: host: &apos;LP-5CD7465GP0&apos;, ip: &apos;10.0.75.1&apos;, os.name: &apos;Windows 10&apos;, os.arch: &apos;amd64&apos;, os.version: &apos;10.0&apos;, java.version: &apos;1.8.0_171&apos;
Driver info: org.openqa.selenium.chrome.ChromeDriver
Capabilities {acceptInsecureCerts: false, acceptSslCerts: false, applicationCacheEnabled: false, browserConnectionEnabled: false, browserName: chrome, chrome: {chromedriverVersion: 2.40.565498 (ea082db3280dd6..., userDataDir: C:\Users\khaja.h\AppData\Lo...}, cssSelectorsEnabled: true, databaseEnabled: false, handlesAlerts: true, hasTouchScreen: false, javascriptEnabled: true, locationContextEnabled: true, mobileEmulationEnabled: false, nativeEvents: true, networkConnectionEnabled: false, pageLoadStrategy: normal, platform: XP, platformName: XP, rotatable: false, setWindowRect: true, takesHeapSnapshot: true, takesScreenshot: true, unexpectedAlertBehaviour: , unhandledPromptBehavior: , version: 78.0.3904.108, webStorageEnabled: true}
Session ID: ef06b43978bdf0e4c596b95aa30e7841
	at org.openqa.selenium.remote.ErrorHandler.createThrowable(ErrorHandler.java:214)
	at org.openqa.selenium.remote.ErrorHandler.throwIfResponseFailed(ErrorHandler.java:166)
	at org.openqa.selenium.remote.http.JsonHttpResponseCodec.reconstructValue(JsonHttpResponseCodec.java:40)
	at org.openqa.selenium.remote.http.AbstractHttpResponseCodec.decode(AbstractHttpResponseCodec.java:80)
	at org.openqa.selenium.remote.http.AbstractHttpResponseCodec.decode(AbstractHttpResponseCodec.java:44)
	at org.openqa.selenium.remote.HttpCommandExecutor.execute(HttpCommandExecutor.java:164)
	at org.openqa.selenium.remote.service.DriverCommandExecutor.execute(DriverCommandExecutor.java:83)
	at org.openqa.selenium.remote.RemoteWebDriver.execute(RemoteWebDriver.java:600)
	at org.openqa.selenium.remote.RemoteWebElement.execute(RemoteWebElement.java:279)
	at org.openqa.selenium.remote.RemoteWebElement.click(RemoteWebElement.java:83)
	at org.openqa.selenium.support.pagefactory.internal.LocatingElementHandler.invoke(LocatingElementHandler.java:51)
	at com.sun.proxy.$Proxy19.click(Unknown Source)
	at com.cucumber.PageObjects.BookTicketPageObjects.select_to_dropdown_value(BookTicketPageObjects.java:43)
	at com.cucumber.stepdefination.BookTicketSteps.select_to_drop_down_value(BookTicketSteps.java:37)
	at ?.And Select to drop down value(BookTicket.feature:8)
... Removed 36 stack frames</div></td></tr></table><p class="totop"><a href="#summary">back to summary</a></p><h3 id="m3">com.cucumber.TestRunner.RegistrationRunner#feature</h3><table class="result"><tr class="param"><th>Parameter #1</th></tr><tr class="param stripe"><td>Login with Valid Credentials</td></tr><tr><th>Messages</th></tr><tr><td><div class="messages">Completed executing following method : AbstractTestNGCucumberTests.feature<br/>Test Method resides in com.cucumber.TestRunner.RegistrationRunner<br/>Test Method had the following parameters : nullLogin with Valid Credentials,<br/>Test Status: Pass</div></td></tr></table><p class="totop"><a href="#summary">back to summary</a></p><h3 id="m4">com.cucumber.TestRunner.RegistrationRunner#feature</h3><table class="result"><tr class="param"><th>Parameter #1</th></tr><tr class="param stripe"><td>Spicejet registration</td></tr><tr><th>Messages</th></tr><tr><td><div class="messages">Completed executing following method : AbstractTestNGCucumberTests.feature<br/>Test Method resides in com.cucumber.TestRunner.RegistrationRunner<br/>Test Method had the following parameters : nullSpicejet registration,<br/>Test Status: Pass</div></td></tr></table><p class="totop"><a href="#summary">back to summary</a></p></body></html>