<?xml version="1.0" encoding="UTF-8"?>
<!-- Generated by org.testng.reporters.JUnitXMLReporter -->
<testsuite hostname="LP-5CD7465GP0" name="LoginRunner" tests="1" failures="1" timestamp="6 Sep 2019 12:31:05 GMT" time="47.583" errors="0">
  <testcase name="feature" time="45.042" classname="com.cucumber.TestRunner.LoginRunner">
    <failure type="cucumber.runtime.CucumberException" message="java.lang.NullPointerException">
      <![CDATA[cucumber.runtime.CucumberException: java.lang.NullPointerException
	at cucumber.api.testng.TestNGCucumberRunner.runCucumber(TestNGCucumberRunner.java:69)
	at cucumber.api.testng.AbstractTestNGCucumberTests.feature(AbstractTestNGCucumberTests.java:21)
Caused by: java.lang.NullPointerException
	at org.openqa.selenium.support.pagefactory.internal.LocatingElementHandler.invoke(LocatingElementHandler.java:51)
	at com.sun.proxy.$Proxy19.isDisplayed(Unknown Source)
	at org.openqa.selenium.support.ui.ExpectedConditions.elementIfVisible(ExpectedConditions.java:301)
	at org.openqa.selenium.support.ui.ExpectedConditions.access$100(ExpectedConditions.java:43)
	at org.openqa.selenium.support.ui.ExpectedConditions$10.apply(ExpectedConditions.java:287)
	at org.openqa.selenium.support.ui.ExpectedConditions$10.apply(ExpectedConditions.java:284)
	at org.openqa.selenium.support.ui.FluentWait.until(FluentWait.java:208)
	at com.cucumber.TestBase.TestBase.WaiteForElement(TestBase.java:26)
	at com.cucumber.PageObjects.HomepagePageObjects.mousemoveon_Login_Signup_button(HomepagePageObjects.java:42)
	at com.cucumber.stepdefination.HomepageSteps.move_to_mouse_on_Login_SignUp_button(HomepageSteps.java:29)
	at âœ½.Then move to mouse on Login/SignUp button(src/test/resources/features/Login.feature:6)
... Removed 32 stack frames]]>
    </failure>
  </testcase> <!-- feature -->
</testsuite> <!-- LoginRunner -->
